2025-07-02 23:32:15,968 - src.models.trainer - INFO - ä½¿ç”¨è®¾å¤‡: mps
2025-07-02 23:32:30,725 - src.models.trainer - ERROR - åŠ è½½æ¨¡å‹å¤±è´¥: Weights only load failed. This file can still be loaded, to do so you have two options, [1mdo those steps only if you trust the source of the checkpoint[0m. 
	(1) In PyTorch 2.6, we changed the default value of the `weights_only` argument in `torch.load` from `False` to `True`. Re-running `torch.load` with `weights_only` set to `False` will likely succeed, but it can result in arbitrary code execution. Do it only if you got the file from a trusted source.
	(2) Alternatively, to load with `weights_only=True` please check the recommended steps in the following error message.
	WeightsUnpickler error: Unsupported global: GLOBAL ultralytics.nn.tasks.DetectionModel was not an allowed global by default. Please use `torch.serialization.add_safe_globals([ultralytics.nn.tasks.DetectionModel])` or the `torch.serialization.safe_globals([ultralytics.nn.tasks.DetectionModel])` context manager to allowlist this global if you trust this class/function.

Check the documentation of torch.load to learn more about types accepted by default with weights_only https://pytorch.org/docs/stable/generated/torch.load.html.
2025-07-02 23:35:15,908 - src.models.trainer - INFO - ä½¿ç”¨è®¾å¤‡: mps
2025-07-02 23:35:15,910 - src.models.trainer - ERROR - åŠ è½½æ¨¡å‹å¤±è´¥: Weights only load failed. This file can still be loaded, to do so you have two options, [1mdo those steps only if you trust the source of the checkpoint[0m. 
	(1) In PyTorch 2.6, we changed the default value of the `weights_only` argument in `torch.load` from `False` to `True`. Re-running `torch.load` with `weights_only` set to `False` will likely succeed, but it can result in arbitrary code execution. Do it only if you got the file from a trusted source.
	(2) Alternatively, to load with `weights_only=True` please check the recommended steps in the following error message.
	WeightsUnpickler error: Unsupported global: GLOBAL ultralytics.nn.modules.Conv was not an allowed global by default. Please use `torch.serialization.add_safe_globals([ultralytics.nn.modules.Conv])` or the `torch.serialization.safe_globals([ultralytics.nn.modules.Conv])` context manager to allowlist this global if you trust this class/function.

Check the documentation of torch.load to learn more about types accepted by default with weights_only https://pytorch.org/docs/stable/generated/torch.load.html.
2025-07-02 23:35:15,910 - src.models.trainer - ERROR - å®‰å…¨ä¸Šä¸‹æ–‡åŠ è½½ä¹Ÿå¤±è´¥: _safe_globals.__init__() missing 1 required positional argument: 'safe_globals'
2025-07-02 23:36:28,677 - src.models.trainer - INFO - ä½¿ç”¨è®¾å¤‡: mps
2025-07-02 23:36:28,678 - src.models.trainer - ERROR - åŠ è½½æ¨¡å‹å¤±è´¥: Weights only load failed. This file can still be loaded, to do so you have two options, [1mdo those steps only if you trust the source of the checkpoint[0m. 
	(1) In PyTorch 2.6, we changed the default value of the `weights_only` argument in `torch.load` from `False` to `True`. Re-running `torch.load` with `weights_only` set to `False` will likely succeed, but it can result in arbitrary code execution. Do it only if you got the file from a trusted source.
	(2) Alternatively, to load with `weights_only=True` please check the recommended steps in the following error message.
	WeightsUnpickler error: Unsupported global: GLOBAL ultralytics.nn.tasks.DetectionModel was not an allowed global by default. Please use `torch.serialization.add_safe_globals([ultralytics.nn.tasks.DetectionModel])` or the `torch.serialization.safe_globals([ultralytics.nn.tasks.DetectionModel])` context manager to allowlist this global if you trust this class/function.

Check the documentation of torch.load to learn more about types accepted by default with weights_only https://pytorch.org/docs/stable/generated/torch.load.html.
2025-07-02 23:36:28,700 - src.models.trainer - INFO - ä½¿ç”¨å…¼å®¹æ¨¡å¼æˆåŠŸåŠ è½½æ¨¡å‹: yolov8n
2025-07-02 23:36:28,701 - src.models.trainer - INFO - å¼€å§‹è®­ç»ƒæ¨¡å‹ï¼Œå‚æ•°: {'data': 'datasets/yolo_dataset/dataset.yaml', 'epochs': 2, 'batch': 16, 'lr0': 0.01, 'optimizer': 'AdamW', 'weight_decay': 0.0005, 'momentum': 0.937, 'warmup_epochs': 3, 'warmup_momentum': 0.8, 'warmup_bias_lr': 0.1, 'device': 'mps', 'project': 'models', 'name': 'garbage_sorting_1751470588', 'save_period': 10, 'patience': 50, 'resume': False, 'hsv_h': 0.015, 'hsv_s': 0.7, 'hsv_v': 0.4, 'degrees': 0.0, 'translate': 0.1, 'scale': 0.5, 'shear': 0.0, 'perspective': 0.0, 'flipud': 0.0, 'fliplr': 0.5, 'mosaic': 1.0, 'mixup': 0.0}
2025-07-02 23:38:56,337 - src.models.trainer - ERROR - è®­ç»ƒå¤±è´¥: Weights only load failed. This file can still be loaded, to do so you have two options, [1mdo those steps only if you trust the source of the checkpoint[0m. 
	(1) In PyTorch 2.6, we changed the default value of the `weights_only` argument in `torch.load` from `False` to `True`. Re-running `torch.load` with `weights_only` set to `False` will likely succeed, but it can result in arbitrary code execution. Do it only if you got the file from a trusted source.
	(2) Alternatively, to load with `weights_only=True` please check the recommended steps in the following error message.
	WeightsUnpickler error: Unsupported global: GLOBAL ultralytics.nn.tasks.DetectionModel was not an allowed global by default. Please use `torch.serialization.add_safe_globals([ultralytics.nn.tasks.DetectionModel])` or the `torch.serialization.safe_globals([ultralytics.nn.tasks.DetectionModel])` context manager to allowlist this global if you trust this class/function.

Check the documentation of torch.load to learn more about types accepted by default with weights_only https://pytorch.org/docs/stable/generated/torch.load.html.
2025-07-02 23:40:22,404 - src.models.trainer - INFO - ä½¿ç”¨è®¾å¤‡: mps
2025-07-02 23:40:22,408 - src.models.trainer - ERROR - åŠ è½½æ¨¡å‹å¤±è´¥: Weights only load failed. This file can still be loaded, to do so you have two options, [1mdo those steps only if you trust the source of the checkpoint[0m. 
	(1) In PyTorch 2.6, we changed the default value of the `weights_only` argument in `torch.load` from `False` to `True`. Re-running `torch.load` with `weights_only` set to `False` will likely succeed, but it can result in arbitrary code execution. Do it only if you got the file from a trusted source.
	(2) Alternatively, to load with `weights_only=True` please check the recommended steps in the following error message.
	WeightsUnpickler error: Unsupported global: GLOBAL ultralytics.nn.tasks.DetectionModel was not an allowed global by default. Please use `torch.serialization.add_safe_globals([ultralytics.nn.tasks.DetectionModel])` or the `torch.serialization.safe_globals([ultralytics.nn.tasks.DetectionModel])` context manager to allowlist this global if you trust this class/function.

Check the documentation of torch.load to learn more about types accepted by default with weights_only https://pytorch.org/docs/stable/generated/torch.load.html.
2025-07-02 23:40:22,431 - src.models.trainer - INFO - ä½¿ç”¨å…¼å®¹æ¨¡å¼æˆåŠŸåŠ è½½æ¨¡å‹: yolov8n
2025-07-02 23:40:22,431 - src.models.trainer - INFO - å¼€å§‹è®­ç»ƒæ¨¡å‹ï¼Œå‚æ•°: {'data': 'datasets/yolo_dataset/dataset.yaml', 'epochs': 10, 'batch': 16, 'lr0': 0.01, 'optimizer': 'AdamW', 'weight_decay': 0.0005, 'momentum': 0.937, 'warmup_epochs': 3, 'warmup_momentum': 0.8, 'warmup_bias_lr': 0.1, 'device': 'mps', 'project': 'models', 'name': 'garbage_sorting_1751470822', 'save_period': 10, 'patience': 50, 'resume': False, 'hsv_h': 0.015, 'hsv_s': 0.7, 'hsv_v': 0.4, 'degrees': 0.0, 'translate': 0.1, 'scale': 0.5, 'shear': 0.0, 'perspective': 0.0, 'flipud': 0.0, 'fliplr': 0.5, 'mosaic': 1.0, 'mixup': 0.0}
2025-07-02 23:45:03,180 - src.models.trainer - INFO - æ£€æµ‹åˆ°Apple Silicon GPUï¼Œå¯ç”¨MPSåŠ é€Ÿ
2025-07-02 23:45:03,180 - src.models.trainer - INFO - ä½¿ç”¨è®¾å¤‡: mps
2025-07-02 23:45:03,182 - src.models.trainer - ERROR - åŠ è½½æ¨¡å‹å¤±è´¥: Weights only load failed. This file can still be loaded, to do so you have two options, [1mdo those steps only if you trust the source of the checkpoint[0m. 
	(1) In PyTorch 2.6, we changed the default value of the `weights_only` argument in `torch.load` from `False` to `True`. Re-running `torch.load` with `weights_only` set to `False` will likely succeed, but it can result in arbitrary code execution. Do it only if you got the file from a trusted source.
	(2) Alternatively, to load with `weights_only=True` please check the recommended steps in the following error message.
	WeightsUnpickler error: Unsupported global: GLOBAL ultralytics.nn.tasks.DetectionModel was not an allowed global by default. Please use `torch.serialization.add_safe_globals([ultralytics.nn.tasks.DetectionModel])` or the `torch.serialization.safe_globals([ultralytics.nn.tasks.DetectionModel])` context manager to allowlist this global if you trust this class/function.

Check the documentation of torch.load to learn more about types accepted by default with weights_only https://pytorch.org/docs/stable/generated/torch.load.html.
2025-07-02 23:45:03,196 - src.models.trainer - INFO - ä½¿ç”¨å…¼å®¹æ¨¡å¼æˆåŠŸåŠ è½½æ¨¡å‹: yolov8n
2025-07-02 23:45:03,196 - src.models.trainer - INFO - ä½¿ç”¨MPSä¼˜åŒ–çš„è®­ç»ƒå‚æ•°
2025-07-02 23:45:03,196 - src.models.trainer - INFO - åº”ç”¨MPSè®¾å¤‡ç‰¹å®šä¼˜åŒ–è®¾ç½®
2025-07-02 23:45:03,196 - src.models.trainer - INFO - å¼€å§‹è®­ç»ƒæ¨¡å‹ï¼Œå‚æ•°: {'data': 'datasets/yolo_dataset/dataset.yaml', 'epochs': 10, 'batch': 32, 'lr0': 0.01, 'optimizer': 'AdamW', 'weight_decay': 0.0005, 'momentum': 0.937, 'warmup_epochs': 3, 'warmup_momentum': 0.8, 'warmup_bias_lr': 0.1, 'device': 'mps', 'project': 'models', 'name': 'garbage_sorting_1751471103', 'save_period': 10, 'patience': 20, 'resume': False, 'workers': 0, 'amp': True, 'cache': True, 'hsv_h': 0.015, 'hsv_s': 0.7, 'hsv_v': 0.4, 'degrees': 0.0, 'translate': 0.1, 'scale': 0.5, 'shear': 0.0, 'perspective': 0.0, 'flipud': 0.0, 'fliplr': 0.5, 'mosaic': 1.0, 'mixup': 0.0, 'verbose': True, 'plots': True, 'save': True}
2025-07-02 23:49:45,587 - src.models.trainer - ERROR - è®­ç»ƒå¤±è´¥: Weights only load failed. This file can still be loaded, to do so you have two options, [1mdo those steps only if you trust the source of the checkpoint[0m. 
	(1) In PyTorch 2.6, we changed the default value of the `weights_only` argument in `torch.load` from `False` to `True`. Re-running `torch.load` with `weights_only` set to `False` will likely succeed, but it can result in arbitrary code execution. Do it only if you got the file from a trusted source.
	(2) Alternatively, to load with `weights_only=True` please check the recommended steps in the following error message.
	WeightsUnpickler error: Unsupported global: GLOBAL ultralytics.nn.tasks.DetectionModel was not an allowed global by default. Please use `torch.serialization.add_safe_globals([ultralytics.nn.tasks.DetectionModel])` or the `torch.serialization.safe_globals([ultralytics.nn.tasks.DetectionModel])` context manager to allowlist this global if you trust this class/function.

Check the documentation of torch.load to learn more about types accepted by default with weights_only https://pytorch.org/docs/stable/generated/torch.load.html.
2025-07-02 23:58:00,899 - src.models.trainer - INFO - æ£€æµ‹åˆ°Apple Silicon GPUï¼Œå¯ç”¨MPSåŠ é€Ÿ
2025-07-02 23:58:00,899 - src.models.trainer - INFO - ä½¿ç”¨è®¾å¤‡: mps
2025-07-02 23:58:00,926 - src.models.trainer - INFO - æˆåŠŸåŠ è½½æ¨¡å‹: yolov8n
2025-07-02 23:58:00,926 - src.models.trainer - INFO - ä½¿ç”¨MPSä¼˜åŒ–çš„è®­ç»ƒå‚æ•°
2025-07-02 23:58:00,926 - src.models.trainer - INFO - åº”ç”¨MPSè®¾å¤‡ç‰¹å®šä¼˜åŒ–è®¾ç½®
2025-07-02 23:58:00,926 - src.models.trainer - INFO - å¼€å§‹è®­ç»ƒæ¨¡å‹ï¼Œå‚æ•°: {'data': 'datasets/yolo_dataset/dataset.yaml', 'epochs': 10, 'batch': 32, 'lr0': 0.01, 'optimizer': 'AdamW', 'weight_decay': 0.0005, 'momentum': 0.937, 'warmup_epochs': 3, 'warmup_momentum': 0.8, 'warmup_bias_lr': 0.1, 'device': 'mps', 'project': 'models', 'name': 'garbage_sorting_1751471880', 'save_period': 2, 'patience': 20, 'resume': False, 'workers': 0, 'amp': True, 'cache': True, 'hsv_h': 0.015, 'hsv_s': 0.7, 'hsv_v': 0.4, 'degrees': 0.0, 'translate': 0.1, 'scale': 0.5, 'shear': 0.0, 'perspective': 0.0, 'flipud': 0.0, 'fliplr': 0.5, 'mosaic': 1.0, 'mixup': 0.0, 'verbose': True, 'plots': True, 'save': True, 'cos_lr': True, 'close_mosaic': 0}
2025-07-03 00:02:59,337 - src.models.trainer - INFO - è®­ç»ƒå®Œæˆï¼Œæ¨¡å‹ä¿å­˜åœ¨: models/garbage_sorting_1751471880/weights/best.pt
